<?xml version="1.0" encoding="UTF-8"?>
<!-- Generated by org.testng.reporters.JUnitReportReporter -->
<testsuite hostname="DESKTOP-8S455D7" failures="0" tests="2" name="com.crm.comcast.organizationtest.CreateORganizationTest" time="121.602" errors="0" timestamp="2021-05-27T14:23:14 IST" skipped="0">
  <testcase classname="com.crm.comcast.organizationtest.CreateORganizationTest" name="createOrgTest" time="78.099"/>
  <system-out/>
  <testcase classname="com.crm.comcast.organizationtest.CreateORganizationTest" name="createOrgwithType" time="43.503"/>
  <system-out/>
</testsuite> <!-- com.crm.comcast.organizationtest.CreateORganizationTest -->
