<?xml version="1.0" encoding="UTF-8"?>
<!-- Generated by org.testng.reporters.JUnitReportReporter -->
<testsuite hostname="DESKTOP-8S455D7" failures="0" tests="1" name="com.crm.comcast.organizationtest.CreateORganizationWithIndustries" time="84.466" errors="0" timestamp="2021-05-27T14:23:14 IST" skipped="0">
  <testcase classname="com.crm.comcast.organizationtest.CreateORganizationWithIndustries" name="createOrhWithIndustried" time="84.466"/>
  <system-out/>
</testsuite> <!-- com.crm.comcast.organizationtest.CreateORganizationWithIndustries -->
