<?xml version="1.0" encoding="UTF-8"?>
<!-- Generated by org.testng.reporters.JUnitReportReporter -->
<testsuite skipped="0" hostname="DESKTOP-GK61F68" name="practice.ReadSystemVariable" tests="1" failures="0" timestamp="2021-06-02T12:28:32 IST" time="0.012" errors="0">
  <testcase name="test" time="0.012" classname="practice.ReadSystemVariable"/>
  <system-out/>
</testsuite> <!-- practice.ReadSystemVariable -->
